<?xml version="1.0" encoding="UTF-8"?>
<testsuite xmlns:xsi="http://www.w3.org/2001/XMLSchema-instance" xsi:noNamespaceSchemaLocation="https://maven.apache.org/surefire/maven-surefire-plugin/xsd/surefire-test-report-3.0.xsd" version="3.0" name="unit5_testing_laskin.ExtraTest" time="0.425" tests="13" errors="0" skipped="0" failures="0">
  <properties>
[...]
</properties>
  <testcase name="testNeliojuuriNegat" classname="unit5_testing_laskin.ExtraTest" time="0.036">
    <system-out><![CDATA[@BeforeAll TESTAAMINEN ALKAA.
@BeforeAll Virta ON (ennen ensimmäistä testiä)
Virta päällä.
  @BeforeEach Käynnistä uusi testimetodi.
  Nollaa laskin.
  @AfterEach Testimetodi suoritettu.
]]></system-out>
  </testcase>
  <testcase name="testNelio(double, double)[1]" classname="unit5_testing_laskin.ExtraTest" time="0.062">
    <system-out><![CDATA[  @BeforeEach Käynnistä uusi testimetodi.
  Nollaa laskin.
  @AfterEach Testimetodi suoritettu.
]]></system-out>
  </testcase>
  <testcase name="testNelio(double, double)[2]" classname="unit5_testing_laskin.ExtraTest" time="0.003">
    <system-out><![CDATA[  @BeforeEach Käynnistä uusi testimetodi.
  Nollaa laskin.
  @AfterEach Testimetodi suoritettu.
]]></system-out>
  </testcase>
  <testcase name="testNelio(double, double)[3]" classname="unit5_testing_laskin.ExtraTest" time="0.002">
    <system-out><![CDATA[  @BeforeEach Käynnistä uusi testimetodi.
  Nollaa laskin.
  @AfterEach Testimetodi suoritettu.
]]></system-out>
  </testcase>
  <testcase name="testNelio(double, double)[4]" classname="unit5_testing_laskin.ExtraTest" time="0.002">
    <system-out><![CDATA[  @BeforeEach Käynnistä uusi testimetodi.
  Nollaa laskin.
  @AfterEach Testimetodi suoritettu.
]]></system-out>
  </testcase>
  <testcase name="testNelio(double, double)[5]" classname="unit5_testing_laskin.ExtraTest" time="0.003">
    <system-out><![CDATA[  @BeforeEach Käynnistä uusi testimetodi.
  Nollaa laskin.
  @AfterEach Testimetodi suoritettu.
]]></system-out>
  </testcase>
  <testcase name="testNelio(double, double)[6]" classname="unit5_testing_laskin.ExtraTest" time="0.005">
    <system-out><![CDATA[  @BeforeEach Käynnistä uusi testimetodi.
  Nollaa laskin.
  @AfterEach Testimetodi suoritettu.
]]></system-out>
  </testcase>
  <testcase name="testNeliojuuri2(double, double)[1]" classname="unit5_testing_laskin.ExtraTest" time="0.003">
    <system-out><![CDATA[  @BeforeEach Käynnistä uusi testimetodi.
  Nollaa laskin.
  @AfterEach Testimetodi suoritettu.
]]></system-out>
  </testcase>
  <testcase name="testNeliojuuri2(double, double)[2]" classname="unit5_testing_laskin.ExtraTest" time="0.004">
    <system-out><![CDATA[  @BeforeEach Käynnistä uusi testimetodi.
  Nollaa laskin.
  @AfterEach Testimetodi suoritettu.
]]></system-out>
  </testcase>
  <testcase name="testNeliojuuri2(double, double)[3]" classname="unit5_testing_laskin.ExtraTest" time="0.003">
    <system-out><![CDATA[  @BeforeEach Käynnistä uusi testimetodi.
  Nollaa laskin.
  @AfterEach Testimetodi suoritettu.
]]></system-out>
  </testcase>
  <testcase name="testNeliojuuri2(double, double)[4]" classname="unit5_testing_laskin.ExtraTest" time="0.002">
    <system-out><![CDATA[  @BeforeEach Käynnistä uusi testimetodi.
  Nollaa laskin.
  @AfterEach Testimetodi suoritettu.
]]></system-out>
  </testcase>
  <testcase name="testNeliojuuri2(double, double)[5]" classname="unit5_testing_laskin.ExtraTest" time="0.002">
    <system-out><![CDATA[  @BeforeEach Käynnistä uusi testimetodi.
  Nollaa laskin.
  @AfterEach Testimetodi suoritettu.
]]></system-out>
  </testcase>
  <testcase name="testNeliojuuri2(double, double)[6]" classname="unit5_testing_laskin.ExtraTest" time="0.009">
    <system-out><![CDATA[  @BeforeEach Käynnistä uusi testimetodi.
  Nollaa laskin.
  @AfterEach Testimetodi suoritettu.
]]></system-out>
  </testcase>
</testsuite>